<?xml version="1.0" encoding="UTF-8"?>
<testsuite name="ParcelsTest" tests="3" skipped="0" failures="0" errors="0" timestamp="2016-02-15T19:27:25" hostname="epicodus-68.local" time="0.002">
  <properties/>
  <testcase name="newParcel_instantiatesParcel" classname="ParcelsTest" time="0.001"/>
  <testcase name="getVolume_willCalculateVolume" classname="ParcelsTest" time="0.0"/>
  <testcase name="getCost_willCalculateCost" classname="ParcelsTest" time="0.0"/>
  <system-out><![CDATA[]]></system-out>
  <system-err><![CDATA[]]></system-err>
</testsuite>
